# JRE version: Java(TM) SE Runtime Environment (8.0_92-b14) (build 1.8.0_92-b14)
# Java VM: Java HotSpot(TM) 64-Bit Server VM (25.92-b14 mixed mode windows-amd64 compressed oops)
Heap:
 PSYoungGen      total 68608K, used 60025K [0x00000000eb400000, 0x00000000f2180000, 0x0000000100000000)
  eden space 62976K, 87% used [0x00000000eb400000,0x00000000ee9b6fb8,0x00000000ef180000)
  from space 5632K, 89% used [0x00000000ef980000,0x00000000efe677d0,0x00000000eff00000)
  to   space 8192K, 0% used [0x00000000ef180000,0x00000000ef180000,0x00000000ef980000)
 ParOldGen       total 33792K, used 10840K [0x00000000c1c00000, 0x00000000c3d00000, 0x00000000eb400000)
  object space 33792K, 32% used [0x00000000c1c00000,0x00000000c2696360,0x00000000c3d00000)
 Metaspace       used 26416K, capacity 27156K, committed 27392K, reserved 1073152K
  class space    used 3321K, capacity 3528K, committed 3584K, reserved 1048576K
GC Heap History (10 events):
Event: 2.005 GC heap before
{Heap before GC invocations=5 (full 0):
 PSYoungGen      total 35328K, used 35303K [0x00000000eb400000, 0x00000000ed900000, 0x0000000100000000)
  eden space 32768K, 100% used [0x00000000eb400000,0x00000000ed400000,0x00000000ed400000)
  from space 2560K, 99% used [0x00000000ed680000,0x00000000ed8f9c08,0x00000000ed900000)
  to   space 2560K, 0% used [0x00000000ed400000,0x00000000ed400000,0x00000000ed680000)
 ParOldGen       total 44032K, used 1349K [0x00000000c1c00000, 0x00000000c4700000, 0x00000000eb400000)
  object space 44032K, 3% used [0x00000000c1c00000,0x00000000c1d51508,0x00000000c4700000)
 Metaspace       used 12762K, capacity 13150K, committed 13312K, reserved 1060864K
  class space    used 1671K, capacity 1772K, committed 1792K, reserved 1048576K
Event: 2.014 GC heap after
Heap after GC invocations=5 (full 0):
 PSYoungGen      total 35328K, used 2560K [0x00000000eb400000, 0x00000000eff00000, 0x0000000100000000)
  eden space 32768K, 0% used [0x00000000eb400000,0x00000000eb400000,0x00000000ed400000)
  from space 2560K, 100% used [0x00000000ed400000,0x00000000ed680000,0x00000000ed680000)
  to   space 5632K, 0% used [0x00000000ef980000,0x00000000ef980000,0x00000000eff00000)
 ParOldGen       total 44032K, used 4412K [0x00000000c1c00000, 0x00000000c4700000, 0x00000000eb400000)
  object space 44032K, 10% used [0x00000000c1c00000,0x00000000c204f398,0x00000000c4700000)
 Metaspace       used 12762K, capacity 13150K, committed 13312K, reserved 1060864K
  class space    used 1671K, capacity 1772K, committed 1792K, reserved 1048576K
}
Event: 4.068 GC heap before
{Heap before GC invocations=6 (full 0):
 PSYoungGen      total 35328K, used 35328K [0x00000000eb400000, 0x00000000eff00000, 0x0000000100000000)
  eden space 32768K, 100% used [0x00000000eb400000,0x00000000ed400000,0x00000000ed400000)
  from space 2560K, 100% used [0x00000000ed400000,0x00000000ed680000,0x00000000ed680000)
  to   space 5632K, 0% used [0x00000000ef980000,0x00000000ef980000,0x00000000eff00000)
 ParOldGen       total 44032K, used 4413K [0x00000000c1c00000, 0x00000000c4700000, 0x00000000eb400000)
  object space 44032K, 10% used [0x00000000c1c00000,0x00000000c204f478,0x00000000c4700000)
 Metaspace       used 17543K, capacity 18070K, committed 18304K, reserved 1064960K
  class space    used 2243K, capacity 2382K, committed 2432K, reserved 1048576K
Event: 4.077 GC heap after
Heap after GC invocations=6 (full 0):
 PSYoungGen      total 69120K, used 5623K [0x00000000eb400000, 0x00000000f0300000, 0x0000000100000000)
  eden space 63488K, 0% used [0x00000000eb400000,0x00000000eb400000,0x00000000ef200000)
  from space 5632K, 99% used [0x00000000ef980000,0x00000000efefdd08,0x00000000eff00000)
  to   space 7680K, 0% used [0x00000000ef200000,0x00000000ef200000,0x00000000ef980000)
 ParOldGen       total 44032K, used 6465K [0x00000000c1c00000, 0x00000000c4700000, 0x00000000eb400000)
  object space 44032K, 14% used [0x00000000c1c00000,0x00000000c2250728,0x00000000c4700000)
 Metaspace       used 17543K, capacity 18070K, committed 18304K, reserved 1064960K
  class space    used 2243K, capacity 2382K, committed 2432K, reserved 1048576K
}
Event: 7.260 GC heap before
{Heap before GC invocations=7 (full 0):
 PSYoungGen      total 69120K, used 26937K [0x00000000eb400000, 0x00000000f0300000, 0x0000000100000000)
  eden space 63488K, 33% used [0x00000000eb400000,0x00000000ec8d0908,0x00000000ef200000)
  from space 5632K, 99% used [0x00000000ef980000,0x00000000efefdd08,0x00000000eff00000)
  to   space 7680K, 0% used [0x00000000ef200000,0x00000000ef200000,0x00000000ef980000)
 ParOldGen       total 44032K, used 6465K [0x00000000c1c00000, 0x00000000c4700000, 0x00000000eb400000)
  object space 44032K, 14% used [0x00000000c1c00000,0x00000000c2250728,0x00000000c4700000)
 Metaspace       used 20621K, capacity 21146K, committed 21248K, reserved 1067008K
  class space    used 2612K, capacity 2794K, committed 2816K, reserved 1048576K
Event: 7.269 GC heap after
Heap after GC invocations=7 (full 0):
 PSYoungGen      total 71168K, used 5665K [0x00000000eb400000, 0x00000000f0300000, 0x0000000100000000)
  eden space 63488K, 0% used [0x00000000eb400000,0x00000000eb400000,0x00000000ef200000)
  from space 7680K, 73% used [0x00000000ef200000,0x00000000ef7884c8,0x00000000ef980000)
  to   space 5632K, 0% used [0x00000000ef980000,0x00000000ef980000,0x00000000eff00000)
 ParOldGen       total 44032K, used 7725K [0x00000000c1c00000, 0x00000000c4700000, 0x00000000eb400000)
  object space 44032K, 17% used [0x00000000c1c00000,0x00000000c238b470,0x00000000c4700000)
 Metaspace       used 20621K, capacity 21146K, committed 21248K, reserved 1067008K
  class space    used 2612K, capacity 2794K, committed 2816K, reserved 1048576K
}
Event: 7.269 GC heap before
{Heap before GC invocations=8 (full 1):
 PSYoungGen      total 71168K, used 5665K [0x00000000eb400000, 0x00000000f0300000, 0x0000000100000000)
  eden space 63488K, 0% used [0x00000000eb400000,0x00000000eb400000,0x00000000ef200000)
  from space 7680K, 73% used [0x00000000ef200000,0x00000000ef7884c8,0x00000000ef980000)
  to   space 5632K, 0% used [0x00000000ef980000,0x00000000ef980000,0x00000000eff00000)
 ParOldGen       total 44032K, used 7725K [0x00000000c1c00000, 0x00000000c4700000, 0x00000000eb400000)
  object space 44032K, 17% used [0x00000000c1c00000,0x00000000c238b470,0x00000000c4700000)
 Metaspace       used 20621K, capacity 21146K, committed 21248K, reserved 1067008K
  class space    used 2612K, capacity 2794K, committed 2816K, reserved 1048576K
Event: 7.476 GC heap after
Heap after GC invocations=8 (full 1):
 PSYoungGen      total 71168K, used 0K [0x00000000eb400000, 0x00000000f0300000, 0x0000000100000000)
  eden space 63488K, 0% used [0x00000000eb400000,0x00000000eb400000,0x00000000ef200000)
  from space 7680K, 0% used [0x00000000ef200000,0x00000000ef200000,0x00000000ef980000)
  to   space 5632K, 0% used [0x00000000ef980000,0x00000000ef980000,0x00000000eff00000)
 ParOldGen       total 33792K, used 7292K [0x00000000c1c00000, 0x00000000c3d00000, 0x00000000eb400000)
  object space 33792K, 21% used [0x00000000c1c00000,0x00000000c231f090,0x00000000c3d00000)
 Metaspace       used 20621K, capacity 21146K, committed 21248K, reserved 1067008K
  class space    used 2612K, capacity 2794K, committed 2816K, reserved 1048576K
}
Event: 13.327 GC heap before
{Heap before GC invocations=9 (full 1):
 PSYoungGen      total 71168K, used 63481K [0x00000000eb400000, 0x00000000f0300000, 0x0000000100000000)
  eden space 63488K, 99% used [0x00000000eb400000,0x00000000ef1fe688,0x00000000ef200000)
  from space 7680K, 0% used [0x00000000ef200000,0x00000000ef200000,0x00000000ef980000)
  to   space 5632K, 0% used [0x00000000ef980000,0x00000000ef980000,0x00000000eff00000)
 ParOldGen       total 33792K, used 10832K [0x00000000c1c00000, 0x00000000c3d00000, 0x00000000eb400000)
  object space 33792K, 32% used [0x00000000c1c00000,0x00000000c2694360,0x00000000c3d00000)
 Metaspace       used 25171K, capacity 25816K, committed 25984K, reserved 1071104K
  class space    used 3168K, capacity 3331K, committed 3456K, reserved 1048576K
Event: 13.333 GC heap after
Heap after GC invocations=9 (full 1):
 PSYoungGen      total 68608K, used 5021K [0x00000000eb400000, 0x00000000f2180000, 0x0000000100000000)
  eden space 62976K, 0% used [0x00000000eb400000,0x00000000eb400000,0x00000000ef180000)
  from space 5632K, 89% used [0x00000000ef980000,0x00000000efe677d0,0x00000000eff00000)
  to   space 8192K, 0% used [0x00000000ef180000,0x00000000ef180000,0x00000000ef980000)
 ParOldGen       total 33792K, used 10840K [0x00000000c1c00000, 0x00000000c3d00000, 0x00000000eb400000)
  object space 33792K, 32% used [0x00000000c1c00000,0x00000000c2696360,0x00000000c3d00000)
 Metaspace       used 25171K, capacity 25816K, committed 25984K, reserved 1071104K
  class space    used 3168K, capacity 3331K, committed 3456K, reserved 1048576K
}

